0022   -129.7   2.5    115.4   0.9     22.9   1.4    4  2011.1858  2011.1940   2.3   0.7   1.2   41.8260732496  140.7478260591   82.9376
0023   -161.9   1.2    193.9   0.6     18.7   3.2    4  2011.1858  2011.1940   0.8   0.6   2.8   41.4663765836  140.0406518242  127.5885
0024   -197.9   5.4    185.9  11.5     11.7  15.5    4  2011.1858  2011.1940   5.1   9.1  13.7   41.3007724220  141.2132750198   58.0319
0026   -273.4   3.2    369.2   4.2     38.7   0.8    4  2011.1858  2011.1940   3.0   3.6   0.6   40.7789844901  140.2729815877   61.3601
0027   -681.4   8.8    752.6 136.2    231.5 295.0    4  2011.1858  2011.1940   8.8 106.1 209.6   40.1334487056  141.7890970288   91.7048
0029  -1294.5   1.0   3218.1  12.7   -175.2   8.9    4  2011.1858  2011.1940   0.7  10.7   7.5   39.1106243200  141.2039191476  172.1543
0030   -322.2   2.3    685.1   5.5     34.7   5.8    4  2011.1858  2011.1940   2.2   5.0   5.0   39.9679027564  139.7761498508   69.4492
0031   -474.4   3.2   1210.0   9.9     42.0   3.7    4  2011.1858  2011.1940   3.0   7.9   2.9   39.3986967886  140.0482404926   67.8428
0032   -353.2   2.2   1323.4  10.4     25.7   6.0    4  2011.1858  2011.1940   2.0   8.4   6.0   38.8946028016  139.8088517780   51.3231
0033   -542.4   3.4   2042.2  14.5    -36.1   7.0    4  2011.1858  2011.1940   3.3  11.0   6.8   38.7585951854  140.3187358614  181.4648
0035   -414.1   2.2   2415.1  15.0    -64.6   5.2    4  2011.1858  2011.1940   2.1  11.5   5.0   38.3310273363  140.3660854610  166.2242
0038   -409.0   4.4   3505.2  20.1   -294.5   3.4    4  2011.1858  2011.1940   4.2  15.2   3.1   37.8006706119  140.9080820923   72.4282
0040    -70.2   0.2   1338.8   9.4    -12.4   6.9    4  2011.1858  2011.1940   0.2   7.1   6.9   37.6436957765  139.7915056000  239.3226
0041   -361.9   4.4   2464.8  15.0   -478.0   2.6    4  2011.1858  2011.1940   4.1  11.2   2.3   37.0907137282  140.9025145188  208.4715
0042   -137.6   3.2   1490.1  10.2   -297.9   2.0    4  2011.1858  2011.1940   2.9   7.4   2.0   36.5399283493  140.6118361036  152.6943
0043     50.2   1.0    687.9   7.5    -32.0   4.9    4  2011.1858  2011.1940   0.7   6.0   4.6   36.4018473875  139.7264217789  100.5105
0044     53.8   2.1    512.4   4.5     19.5   3.8    4  2011.1858  2011.1940   2.0   3.8   3.7   36.6970266182  138.9062636060  595.2057
0045     56.4   1.3    368.2   3.9      9.7   3.6    4  2011.1858  2011.1940   1.3   3.1   3.4   36.2590318707  138.8654052046  222.7858
0046     35.6   2.1    269.5   2.3     34.0   5.2    4  2011.1858  2011.1940   1.5   2.3   4.8   36.4997662905  137.8511217170  770.9183
0047     37.9   2.0    190.1   1.1     22.3   2.9    4  2011.1858  2011.1940   1.9   1.1   2.4   35.9235804366  137.9438065702  904.1479
0048     46.7   2.1    178.9   1.1      9.4   6.1    4  2011.1858  2011.1940   2.0   1.0   6.1   35.5903353916  138.5832975437  387.6436
0049   -166.8   1.0   1243.2   9.1     24.6   3.2    4  2011.1858  2011.1940   0.7   7.3   2.3   38.2306891355  139.5095682604   74.1084
0050    -66.4   1.2    830.5   6.8     32.4   6.9    4  2011.1858  2011.1940   0.9   5.6   6.8   37.8964704586  138.9888644394   50.6775
0051     -8.9   1.6    588.9   5.2     35.6   2.9    4  2011.1858  2011.1940   1.1   4.6   2.8   37.3976793847  138.5743966302   50.1928
0052     16.8   3.2    288.7   1.7     18.7   1.1    4  2011.1858  2011.1940   2.3   1.4   0.8   36.9289578794  137.4872295766   66.5733
0053      3.5   2.2    262.8   1.5     11.0   5.8    4  2011.1858  2011.1940   1.6   1.2   5.6   37.3823754192  136.8891655652   51.3164
0054     16.1   1.6    185.6   1.2     14.8   5.1    4  2011.1858  2011.1940   1.1   1.0   4.3   36.6634119359  136.6499393876   89.7213
0055     18.5   2.0    129.7   0.4     13.9   6.6    4  2011.1858  2011.1940   2.0   0.4   6.6   36.2311725093  136.1729741777   63.7035
0056     18.2   1.3     90.1   1.5     13.0   4.2    4  2011.1858  2011.1940   1.3   1.3   3.0   35.6025605777  136.1058074271  120.7295
0058     27.7   1.7    174.4   0.3     14.7   4.9    4  2011.1858  2011.1940   1.2   0.2   4.8   36.1359928058  137.3479099585  812.9199
0059     29.3   1.2    137.0   0.1     13.4   4.1    4  2011.1858  2011.1940   0.8   0.1   3.9   35.8004834954  137.2483727296  406.4002
0060     24.2   1.2    105.1   0.4     14.9   1.6    4  2011.1858  2011.1940   0.9   0.3   1.4   35.5260719819  136.9000242458  101.2730
0061     27.9   2.2    109.9   0.6      7.7   4.0    4  2011.1858  2011.1940   2.1   0.6   4.0   35.3967649080  137.4675731784  534.1502
0062     18.3   1.8     67.3   0.4     13.9   5.2    4  2011.1858  2011.1940   1.8   0.4   4.3   35.0947274253  136.1582316072  155.0110
0063     23.1   1.5     81.1   0.2      6.8   5.1    4  2011.1858  2011.1940   1.5   0.2   4.2   35.1281089184  137.0412845056  100.9242
0149   -150.3   1.1    161.7   2.4     18.7  10.5    4  2011.1858  2011.1940   0.8   2.1   7.8   41.5990254814  140.3158895291   75.6007
0150   -180.1   2.1    172.9   1.5     29.5   1.3    4  2011.1858  2011.1940   2.0   1.4   1.1   41.4552975828  140.8805056772   53.7771
0151   -239.5   1.4    277.7   1.7     27.5   3.9    4  2011.1858  2011.1940   1.4   1.3   3.7   41.0432214294  140.6358918822   45.4045
0152   -279.5  13.0    134.7 134.0    312.2 295.9    4  2011.1858  2011.1940  10.5  95.0 210.4   40.9682440710  141.3679638153   59.3618
0153   -393.9   2.4    435.9   6.8     20.1  12.5    4  2011.1858  2011.1940   2.3   5.6  10.2   40.6250695736  141.1978306474  116.6794
0154   -270.2   2.5    438.8   3.4     35.3   4.1    4  2011.1858  2011.1940   2.5   2.9   3.2   40.5776424149  139.9281166171   47.9857
0155   -362.1   5.1    507.3   7.3     32.8   4.8    4  2011.1858  2011.1940   4.3   6.0   4.5   40.5236537326  140.5781475652  140.2650
0156   -452.4  11.7    364.6 133.9    298.3 295.7    4  2011.1858  2011.1940  11.3  97.2 211.2   40.5153593643  141.5112829489   46.0779
0157   -537.9   0.8    690.1   3.2     14.0  14.7    4  2011.1858  2011.1940   0.5   3.1  11.6   40.2910754145  141.0764748884  203.0621
0158   -496.1  11.2    434.2 135.8    277.7 294.9    4  2011.1858  2011.1940  10.9  98.3 210.4   40.4052002563  141.7131356651   59.1022
0159   -568.6   1.3    702.4   3.0      9.9  10.7    4  2011.1858  2011.1940   1.3   2.8   8.9   40.2911481478  141.2936863417  132.4917
0160   -738.8  11.0    882.8 133.9    280.7 294.7    4  2011.1858  2011.1940  10.8 102.7 209.5   40.0485996561  141.4619458611  519.1800
0161   -750.9   4.0   1076.1   3.6      5.7  11.2    4  2011.1858  2011.1940   3.3   3.4  10.6   39.9805745395  141.2250646346  313.8427
0163   -828.2   5.0   1280.3   4.9      7.1  11.7    4  2011.1858  2011.1940   3.7   4.7  10.7   39.8512455668  141.1648612806  233.8787
0164   -967.5   4.5   1307.3 135.7    156.1 293.6    3  2011.1858  2011.1926   3.2  96.0 207.6   39.8491758312  141.8038524075  166.9708
0165   -843.7   4.0   1441.2  11.4      7.3   6.3    4  2011.1858  2011.1940   2.8   9.6   6.2   39.7010924239  140.9645009377  259.3473
0166  -1001.9   4.1   1767.1  12.5    -19.6  10.1    4  2011.1858  2011.1940   3.3  10.6  10.1   39.5965717367  141.1721048960  151.1936
0169  -1444.7   6.0   2909.2  24.2   -227.4   5.4    4  2011.1858  2011.1940   4.3  19.4   5.4   39.3380561600  141.5341573341  316.9969
0173  -1069.8   2.2   3320.7  13.3   -107.1   9.6    4  2011.1858  2011.1940   2.0  11.5   7.2   38.8153421186  140.9905807331  108.5238
0174   -881.0   1.2   2971.0   2.0    -89.9   0.0    3  2011.1858  2011.1954   0.8   1.4   0.0   38.7489368867  140.8016350005  343.4097
0181   -412.4   5.1    627.9   7.3     34.4   1.9    4  2011.1858  2011.1940   4.2   5.9   1.7   40.3250469894  140.5773492069  137.3736
0182   -373.8   4.2    622.4   7.1     40.4   3.0    4  2011.1858  2011.1940   3.7   6.1   2.5   40.2711561039  140.2636611134   75.3511
0183   -502.5   6.1    728.9   9.2     31.7   2.0    4  2011.1858  2011.1940   4.9   7.6   1.8   40.2154397878  140.7873345990  167.9085
0184   -342.2   2.4    603.5   4.3     37.0   4.8    4  2011.1858  2011.1940   2.4   3.5   3.8   40.2472953400  140.0486791412   84.1276
0185   -471.6   3.4    842.2   8.3     24.7   6.9    4  2011.1858  2011.1940   3.3   6.9   5.6   40.0068776594  140.4019877506  170.3236
0186   -411.1   4.1    816.7  10.8     47.4   4.5    4  2011.1858  2011.1940   3.6   8.7   4.5   39.9360547038  140.1323762987   56.9216
0187   -595.2   5.0   1173.5  12.1     13.0   2.8    4  2011.1858  2011.1940   3.8   9.7   2.8   39.7491622710  140.5970443883  214.0290
0188   -493.6   5.1   1086.7  12.0     39.7   2.9    4  2011.1858  2011.1940   4.1   9.5   2.6   39.6583092142  140.2342126482   74.6778
0189   -566.5   4.1   1272.4  10.3     24.5   5.4    4  2011.1858  2011.1940   3.3   7.8   4.7   39.5492921507  140.3866243314   83.5381
0190   -702.6   6.1   1643.8  16.1      6.1   2.1    4  2011.1858  2011.1940   5.0  12.4   1.6   39.3270018045  140.5597779581  104.3417
0191   -412.3   3.3   1227.8   9.6     44.2   2.1    4  2011.1858  2011.1940   3.0   7.8   1.7   39.2060622033  139.9077165530   47.2719
0192   -525.3   4.3   1471.6  14.6     35.6   2.1    4  2011.1858  2011.1940   4.0  11.2   2.1   39.1642115187  140.1619809266  298.4351
0193   -791.6   6.0   2117.0  17.6    -76.5   3.6    4  2011.1858  2011.1940   4.3  13.3   3.3   39.0519019311  140.6295874441  345.0128
0194   -300.2   1.3    975.6   7.7     46.0   3.0    4  2011.1858  2011.1940   1.3   6.6   3.0   39.1855622121  139.5476605661   45.2103
0195   -387.5   2.3   1549.5  11.6     11.5   5.3    4  2011.1858  2011.1940   2.3   9.3   5.2   38.7597208263  139.9573725965   60.7162
0196   -311.2   1.4   1475.4  10.5     12.1   3.4    4  2011.1858  2011.1940   1.4   7.5   3.1   38.5940368951  139.8317671404  150.8960
0197   -175.9   1.4   1446.0  11.0     -4.6   4.1    4  2011.1858  2011.1940   1.0   8.8   4.0   38.1461752126  139.7422495623  229.8404
0198   -196.9   1.5   1869.3  16.0    -40.9   2.7    4  2011.1858  2011.1940   1.4  12.1   2.2   37.9636071749  140.0935254083  273.8530
0199   -254.6   2.8   1849.4  15.0    -19.0   5.6    4  2011.1858  2011.1940   2.8  11.1   4.2   38.1975435597  140.0775729602  260.4385
0200   -179.2   3.5   2364.4  16.9    -89.0   4.2    4  2011.1858  2011.1940   3.5  12.8   4.1   37.6833077481  140.4664866856  215.9857
0201   -267.9   1.7   2757.9   0.3   -233.9   1.8    3  2011.1858  2011.1926   1.2   0.2   1.3   37.5605533794  140.7550746292  477.7207
0202    -60.4   1.2   1629.6  11.6    -62.8   4.5    4  2011.1858  2011.1940   0.8   9.1   4.1   37.5669470383  140.0726799503  675.0592
0204    -37.0   0.2   1068.3   8.4      1.8   1.7    4  2011.1858  2011.1940   0.1   7.0   1.7   37.4734621195  139.5286279189  343.0699
0205   -213.6   3.2   2335.6  16.7   -236.1   5.9    4  2011.1858  2011.1940   2.8  12.4   5.7   37.3254685068  140.6621120114  502.2454
0206     -6.1   0.7    908.6   7.1      5.0   5.2    4  2011.1858  2011.1940   0.5   5.1   5.0   37.3027985171  139.3643470278  466.3841
0207     -3.5   0.6    981.1   7.8     -6.1   1.8    4  2011.1858  2011.1940   0.4   6.2   1.6   37.2814889551  139.5037688269  517.9105
0209    -20.7   0.3   1274.7   9.9    -44.4   4.2    4  2011.1858  2011.1940   0.2   8.0   4.0   37.2610719110  139.8714259919  524.1850
0210    -62.5   1.3   1594.7  13.8    -76.6   4.2    4  2011.1858  2011.1940   1.3  10.5   3.4   37.1262939409  140.2599275374  394.2520
0211   -171.3   2.0   1962.1  14.9   -229.7   3.8    4  2011.1858  2011.1940   1.7  11.0   3.6   37.0892955547  140.5616409455  396.7312
0212    -99.3   2.6   1569.5   8.9   -175.6   2.8    4  2011.1858  2011.1940   2.6   7.0   2.8   36.8620926859  140.4132693940  209.0941
0214   -225.5   1.8   1930.4   0.1   -433.4   2.8    3  2011.1858  2011.1926   1.2   0.1   2.0   36.8003095294  140.7539122000   75.9033
0215     23.5   2.3    879.6   8.6    -86.7   2.6    4  2011.1858  2011.1940   2.2   6.7   2.5   36.3649120359  140.0779463709  100.5728
0216    -57.0   1.1   1166.2   0.2   -214.2   2.2    3  2011.1858  2011.1926   0.8   0.1   1.6   36.3443695338  140.4763325271   71.5224
0217     -2.2   1.2   1187.9   8.8    -56.5   2.9    4  2011.1858  2011.1940   0.8   6.6   2.9   36.8542344955  140.0392553142  242.3226
0218     51.2   1.9    777.8   7.6    -16.5   5.3    4  2011.1858  2011.1940   1.3   6.0   5.2   36.6659833314  139.6192472293  390.7498
0219     27.4   1.5    898.7   8.0    -54.0   3.1    4  2011.1858  2011.1940   1.5   6.5   3.0   36.5989458401  139.9234663202  183.2855
0220     47.1   0.3    650.8   6.0      7.2   2.3    4  2011.1858  2011.1940   0.2   5.1   2.2   36.7696920746  139.2249036141  868.7106
0221     57.0   1.3    386.4   4.3     26.4   3.1    4  2011.1858  2011.1940   1.3   4.2   2.8   36.5079953180  138.5527132349 1013.7617
0222     69.6   0.6    555.4   5.7     -5.8   1.1    4  2011.1858  2011.1940   0.4   4.6   1.1   36.4216277589  139.3303864189  195.3922
0223     62.2   1.8    331.4   3.3      0.5   4.6    4  2011.1858  2011.1940   1.8   2.5   4.5   35.9868908716  139.0756849012  283.9808
0224     63.6   1.5    457.3   6.1    -38.7   3.5    4  2011.1858  2011.1940   1.0   4.7   3.5   35.8959695943  139.7959862540   48.2027
0225     29.5   1.8    279.4   5.9    -79.2   4.5    4  2011.1858  2011.1940   1.2   4.6   4.4   35.6572059427  140.0480926224   43.7063
0226      3.2   1.2    117.0   3.1    -42.4   2.8    4  2011.1858  2011.1940   0.9   2.4   2.8   35.2432436059  140.3849071901   43.3683
0227      6.1   0.8     69.5   0.7    -20.8   6.9    4  2011.1858  2011.1940   0.6   0.7   6.0   35.0027916748  139.9748885875   46.0313
0228     61.5   1.7    296.1   3.4    -16.6   3.2    4  2011.1858  2011.1940   1.2   2.6   2.9   35.6636970256  139.6306492641   82.5415
0229     40.2   1.7    149.3   1.3      6.9   4.7    4  2011.1858  2011.1940   1.7   1.0   4.6   35.3362081478  139.1626008223  144.2887
0230     35.0   1.5    134.1   1.4      5.4   4.2    4  2011.1858  2011.1940   1.5   1.3   3.9   35.2685996710  139.1424143876   64.1764
0231   -174.8   1.7   1004.4   7.2     37.3   3.0    4  2011.1858  2011.1940   1.2   6.5   2.9   38.4653918395  139.2533482870   47.4098
0232    -85.0   0.2    645.9   4.3     36.6   4.9    4  2011.1858  2011.1940   0.2   4.0   4.8   38.3193462739  138.5130865273   85.6807
0233    -59.0   2.2    632.1   5.4     42.6   2.1    4  2011.1858  2011.1940   1.5   5.2   2.1   38.0632796139  138.4716810493   45.9215
0234    -92.7   0.7   1094.3   8.3     27.2   4.1    4  2011.1858  2011.1940   0.5   6.8   4.0   37.9293829339  139.3514647616   64.4692
0235    -32.2   1.5    550.9   4.0     32.3   5.0    4  2011.1858  2011.1940   1.0   3.4   4.8   37.8159017581  138.2730679041   45.0928
0236    -60.9   0.2   1107.2   8.4      8.4   3.1    4  2011.1858  2011.1940   0.2   6.6   2.7   37.6859059648  139.4778872605  116.4685
0237    -36.9   1.1    702.0   5.3     37.6   2.8    4  2011.1858  2011.1940   0.8   4.2   2.6   37.6675234735  138.7805054688   67.9176
0238    -42.6   1.4    855.3   7.4     26.2   6.3    4  2011.1858  2011.1940   1.0   6.0   5.6   37.6622952342  139.0591194873   58.1402
0239    -13.5   1.3    778.8   6.3     29.3   3.3    4  2011.1858  2011.1940   0.9   4.9   3.3   37.4677181961  138.9980094575  164.6924
0240      6.9   1.7    658.7   5.1     37.4   1.9    4  2011.1858  2011.1940   1.2   4.0   1.9   37.3113147224  138.7899821289  103.8519
0241      0.4   1.8    497.5   4.0     33.3   4.2    4  2011.1858  2011.1940   1.3   3.8   4.0   37.2311219730  138.3335706939   77.3605
0242     17.2   0.3    677.4   0.0     26.1   1.4    3  2011.1858  2011.1926   0.2   0.0   1.0   37.1660353724  138.9337200413  176.4500
0243      9.9   0.3    424.1   3.6     35.7   2.7    4  2011.1858  2011.1940   0.2   3.1   2.7   37.1607905190  138.1001905159  293.2504
0244    368.3   3.4    744.5   6.6    250.9   4.0    4  2011.1858  2011.1940   3.2   5.2   4.0   37.0791322472  138.6087225043  447.5729
0245     15.8   1.9    355.9   3.3     31.0   3.6    4  2011.1858  2011.1940   1.4   3.1   3.5   37.0451732081  137.8738464426   51.8433
0246     43.1   1.4    577.6   4.9     22.0   1.4    4  2011.1858  2011.1940   1.4   4.4   1.1   36.9934593612  138.8308448274  307.7955
0247     24.1   2.3    389.1   3.0     31.5   1.1    4  2011.1858  2011.1940   2.2   2.8   0.9   36.8654039398  138.1986741030  624.4425
0248     16.3   2.5    215.9   1.6     14.2   4.3    4  2011.1858  2011.1940   1.8   1.6   4.2   36.7406207375  136.9961255235   49.6656
0249     21.0   2.0    220.8   1.3     19.9   0.8    4  2011.1858  2011.1940   1.4   1.3   0.8   36.6343363690  137.1951970592   75.1669
0250     20.6   1.7    236.0   1.3     19.8   1.9    4  2011.1858  2011.1940   1.7   1.3   1.5   36.5787055056  137.4398954975  629.9197
0251     22.2   0.3    181.1   0.7     15.8   5.0    4  2011.1858  2011.1940   0.2   0.7   4.3   36.4018789619  136.9205578985  359.4118
0252    -14.7   0.8    296.5   1.7     20.2   5.6    4  2011.1858  2011.1940   0.6   1.6   5.6   37.8504955924  136.9192682640   49.4851
0253      0.5   2.1    316.1   2.2     28.2   4.7    4  2011.1858  2011.1940   2.0   1.9   4.7   37.4460271774  137.2700487727   49.9074
0255     18.4   2.1    150.8   0.9     20.1   5.0    4  2011.1858  2011.1940   2.0   0.9   4.4   36.3944560319  136.3889421157   47.5377
0256     21.3   1.2    143.2   0.9     19.0   5.1    4  2011.1858  2011.1940   0.8   0.7   4.9   36.1652890044  136.6339469391  572.3444
0257     18.5   1.5    125.7   1.8     16.8   7.2    4  2011.1858  2011.1940   1.5   1.5   6.4   36.1456191481  136.2789447946   54.2576
0258     22.7   1.9    122.8   0.4     16.6   4.6    4  2011.1858  2011.1940   1.4   0.3   3.8   35.9849078322  136.5049234639  220.9766
0260     22.2   3.6    101.3   2.2     12.2   7.3    4  2011.1858  2011.1940   3.1   1.7   6.7   35.7927819577  136.1973936568  149.8491
0263     48.1   2.4    207.9   1.9     21.8   2.6    4  2011.1858  2011.1940   2.3   1.8   2.5   35.8559786036  138.3163955030  888.2652
0264     52.2   2.3    221.5   2.8     10.4   4.0    4  2011.1858  2011.1940   2.2   2.8   3.7   35.7468750474  138.6951313365  664.9809
0265     26.4   2.1    431.5   3.3     17.4   3.4    4  2011.1858  2011.1940   1.5   2.4   3.4   36.8017087991  138.4361653031  731.3042
0266     30.4   0.6    312.1   2.6     39.1   6.7    4  2011.1858  2011.1940   0.4   2.5   5.3   36.7064688296  137.8723302677  728.5123
0267     36.1   1.5    357.3   3.6     26.5   3.6    4  2011.1858  2011.1940   1.5   3.5   3.1   36.6651550288  138.2474668301  385.6423
0268     42.8   1.5    311.4   2.3     18.4   3.0    4  2011.1858  2011.1940   1.5   2.2   2.7   36.3861764584  138.3225232898  738.9472
0269     58.1   1.5    357.9   3.8     14.3   5.2    4  2011.1858  2011.1940   1.5   2.9   5.1   36.3460135055  138.6377959877  990.7299
0270     37.1   2.2    249.1   1.7     23.2   3.5    4  2011.1858  2011.1940   2.1   1.6   3.4   36.3223712041  137.9028151543  577.9045
0271     40.5   1.3    264.8   2.1     24.9   5.3    4  2011.1858  2011.1940   0.9   1.9   5.3   36.2084673418  138.2164851428  863.3262
0272     53.5   1.4    285.3   3.3     27.7   1.7    4  2011.1858  2011.1940   1.4   3.3   1.7   36.1306394029  138.4609725190  935.9662
0273     40.3   2.5    223.3   1.6     10.1   4.2    4  2011.1858  2011.1940   2.3   1.5   4.1   36.1211091974  137.9830108638  811.5771
0274     34.9   2.5    156.8   0.9     14.8   2.5    4  2011.1858  2011.1940   2.3   0.9   2.5   35.7836176670  137.6962595834  819.7937
0275     35.3   1.9    143.5   1.3     10.4   3.6    4  2011.1858  2011.1940   1.9   1.0   3.0   35.5561295984  138.0383169793  770.2769
0276     32.8   1.6    131.8   1.4     15.0   4.3    4  2011.1858  2011.1940   1.6   1.0   3.1   35.5210918401  137.8152370945  570.5701
0277     31.2   2.1    114.1   0.6      7.7   6.0    4  2011.1858  2011.1940   2.0   0.6   5.6   35.3171439750  137.9252715596  441.3831
0278     27.3   1.6     98.5   0.5      9.1   3.7    4  2011.1858  2011.1940   1.1   0.4   3.6   35.2469990460  137.5876681590  680.1022
0279     25.7   1.3    188.4   1.8     14.6   2.8    4  2011.1858  2011.1940   0.9   1.8   2.5   36.3355104559  137.1471718175  520.6530
0280     25.1   1.0    145.1   1.9     16.8   3.4    4  2011.1858  2011.1940   0.7   1.7   3.3   36.0330483240  136.9527625759  845.9835
0281     34.8   1.5    167.4   0.6     16.0   2.5    4  2011.1858  2011.1940   1.5   0.5   2.4   35.9734579938  137.5348667214 1351.6554
0282     26.7   1.6    127.4   1.0     11.3   1.6    4  2011.1858  2011.1940   1.1   0.9   1.6   35.8669410004  136.8631810328  403.9375
0283     27.2   2.1    122.9   0.8      6.8   3.0    4  2011.1858  2011.1940   2.0   0.6   2.8   35.7577827943  136.9753015836  287.1648
0284     30.5   1.5    130.1   0.4     18.7   0.1    4  2011.1858  2011.1940   1.1   0.4   0.0   35.6571890556  137.4247725219  513.8352
0285     21.4   1.9    101.0   0.8     12.8   4.7    4  2011.1858  2011.1940   1.3   0.7   4.7   35.6361530457  136.4887675834  267.4682
0286     24.5   2.3    102.8   0.6      7.5   6.1    4  2011.1858  2011.1940   2.2   0.5   6.1   35.6328975399  136.6113941344  224.1419
0287     27.7   1.5    118.1   0.6     11.5   4.2    4  2011.1858  2011.1940   1.0   0.6   4.2   35.6120862717  137.1741445491  242.4563
0288     21.5   0.9     96.4   1.2      8.2   9.1    4  2011.1858  2011.1940   0.6   0.9   8.3   35.4883242457  136.6872822421   80.6996
0289     24.9   1.3    106.2   0.1     15.2   0.4    4  2011.1858  2011.1940   0.9   0.1   0.3   35.4787003100  137.1246872612  206.9692
0291     20.3   0.6     87.9   1.3     13.0   4.3    4  2011.1858  2011.1940   0.4   1.1   4.2   35.3717094943  136.5497427477   61.3682
0292     25.0   1.6     97.8   0.3     12.9   1.7    4  2011.1858  2011.1940   1.1   0.3   1.7   35.3673721303  137.1102314514  247.8726
0293     25.6   1.1     97.3   0.5      8.8   3.0    4  2011.1858  2011.1940   1.1   0.5   2.9   35.2619668537  137.4056062023  495.5864
0294     19.1   0.3     81.2   0.4      7.1   5.1    4  2011.1858  2011.1940   0.2   0.3   4.3   35.2279055037  136.5934446974   73.6378
0295     23.7   1.6     88.6   1.1      9.2   3.2    4  2011.1858  2011.1940   1.6   1.1   3.2   35.0315180946  137.9804150957  337.2163
0298     23.6   1.3     93.7   0.6     11.5   2.7    4  2011.1858  2011.1940   1.3   0.5   2.5   35.3347605105  136.9299785449   76.4562
0299     21.9   1.3     81.5   0.8      6.9   2.4    4  2011.1858  2011.1940   1.3   0.6   2.0   35.1901065103  136.8288322681   45.5295
0300     23.8   1.5     84.5   0.3      6.1   3.4    4  2011.1858  2011.1940   1.5   0.3   3.4   35.1387525610  137.2535623741  152.1268
0301     24.0   1.9     78.0   0.6      7.7   3.0    4  2011.1858  2011.1940   1.4   0.5   2.9   35.0394647431  137.3131637888  439.9234
0317     20.1   2.2     88.7   0.8     14.5   5.1    4  2011.1858  2011.1940   2.1   0.8   4.4   35.5573312105  136.1979454872  205.7120
0318     20.2   2.1     84.7   0.3     17.0   2.4    4  2011.1858  2011.1940   2.0   0.3   2.0   35.4662864829  136.0536659120  138.6270
0320     18.5   2.3     74.1   0.8      9.3   4.4    4  2011.1858  2011.1940   1.7   0.8   4.1   35.3189746230  136.0628273823  128.1474
0321     18.7   2.7     76.5   0.8     13.6   4.6    4  2011.1858  2011.1940   2.5   0.7   4.0   35.2694409434  136.2356133282  128.7414
0529   -119.3   2.2     99.2   2.4     17.8   1.3    4  2011.1858  2011.1940   2.1   1.8   1.3   41.9766870285  140.7154360503  203.7428
0530   -132.5   0.9    144.7   0.6     16.8   4.4    4  2011.1858  2011.1940   0.6   0.5   3.6   41.8030274445  140.0712292111   74.3204
0533   -182.7  16.3     16.8 135.1    308.0 295.7    4  2011.1858  2011.1940  11.5  95.6 210.1   41.4047062681  141.4475885847   66.1299
0534   -211.9   2.0    245.0   0.7     22.4   2.0    4  2011.1858  2011.1940   1.7   0.7   1.4   41.1850785637  140.4907665134   45.0559
0535   -227.4   3.1    238.5   0.1     37.1   1.7    4  2011.1858  2011.1940   2.7   0.1   1.7   41.1455462870  140.8219848807   57.2225
0537   -307.8   3.2    325.6  11.0     15.4  11.4    4  2011.1858  2011.1940   2.9   8.1  10.2   40.8623609157  141.1318069083   69.7452
0538   -313.3   5.0    403.9   5.1     37.1   0.6    4  2011.1858  2011.1940   4.0   4.5   0.4   40.7062756085  140.5892248264   67.1748
0539   -379.6  11.8    264.0 133.3    305.4 295.4    4  2011.1858  2011.1940  10.7  95.4 212.1   40.6763982371  141.3762113465   86.9865
0540   -322.8   5.2    445.6   7.9     31.2   1.0    4  2011.1858  2011.1940   4.6   6.0   0.9   40.6243451305  140.4785272504   66.8190
0541   -362.5   4.2    452.7   4.9     11.8   4.2    4  2011.1858  2011.1940   3.8   4.4   4.1   40.6435665631  140.8033472355  743.8792
0542   -257.4   3.1    324.2   3.4     38.6   1.1    4  2011.1858  2011.1940   2.6   3.1   1.0   40.9101770184  140.4515649646   56.2368
0543   -722.9   5.1   1058.5   5.8      0.8   8.3    4  2011.1858  2011.1940   4.1   5.1   7.8   39.9530798360  141.0663301296  317.9958
0544   -857.1   8.0   1825.8  14.5    -17.3   0.1    4  2011.1858  2011.1940   5.9  11.3   0.1   39.3512999822  140.7691839724  300.8895
0551   -336.6   2.2    738.7   4.8     43.6   6.0    4  2011.1858  2011.1940   2.0   4.2   4.3   39.8911342506  139.8489346227   65.8177
0552   -409.1   3.4    871.1   7.3     42.6   5.2    4  2011.1858  2011.1940   3.3   6.1   4.5   39.8258086391  140.0447227990   56.6391
0553   -675.3   6.0   1308.7  13.6     11.0   5.1    4  2011.1858  2011.1940   4.6  10.4   5.0   39.7026806091  140.7328491843  283.1167
0554   -680.2   6.0   1754.3  15.4     -6.3   2.3    4  2011.1858  2011.1940   4.6  11.7   2.3   39.1990963338  140.5066908698  138.5879
0555   -409.8   3.1   1369.8  10.1     26.8   2.1    4  2011.1858  2011.1940   2.5   8.3   2.0   39.0159719454  139.9274949877   66.6493
0556   -476.1   2.3   2317.9  14.5    -50.0   9.0    4  2011.1858  2011.1940   2.3  12.1   8.9   38.4967694140  140.3651519001  130.4550
0557   -287.9   2.4   2161.3  17.3    -53.4   1.2    4  2011.1858  2011.1940   2.4  13.6   1.1   38.1480964563  140.2711373725  225.1307
0559    -66.0   1.3   1846.6  16.4    -85.2   3.1    4  2011.1858  2011.1940   0.9  12.4   3.0   37.6159522177  140.2056521404  774.1619
0560   -141.3   2.1   2142.1  12.7    -60.4   9.0    4  2011.1858  2011.1940   1.5   9.2   7.4   37.6207296288  140.3728984507  610.8049
0561    -41.6   1.0   1631.4  14.6    -52.3   1.7    4  2011.1858  2011.1940   0.7  11.3   1.5   37.4245068890  140.1358765186  564.2994
0563     16.9   0.7    973.1   8.3    -18.3   3.7    4  2011.1858  2011.1940   0.5   7.0   3.6   37.0972486487  139.5861603362  799.6806
0564   -123.3   1.3   1192.5   9.2     22.5   3.4    4  2011.1858  2011.1940   0.9   7.5   2.9   38.0561832182  139.4616848010  114.5480
0565    -51.2   0.8    600.5   5.1     37.9   3.3    4  2011.1858  2011.1940   0.6   4.7   3.2   38.0236871507  138.3698818218   60.4709
0566    -22.0   1.5    653.3   4.9     35.2   5.7    4  2011.1858  2011.1940   1.1   4.1   4.8   37.5358317687  138.7069388100   82.6094
0567     -5.6   0.7    562.3   5.0     34.5   4.4    4  2011.1858  2011.1940   0.5   4.5   4.4   37.3485393996  138.5163684908   55.5503
0568      0.1   0.7    753.0   6.3     20.9   3.2    4  2011.1858  2011.1940   0.5   5.1   3.0   37.3198705934  139.0202515040  222.2386
0569     15.8   2.8    437.4   3.2     35.2   3.5    4  2011.1858  2011.1940   2.0   2.5   3.2   37.0566812578  138.2425857992   73.2944
0570     19.5   1.9    347.3   2.2     31.0   3.8    4  2011.1858  2011.1940   1.4   2.2   3.8   36.9508712704  137.8938707957  236.5376
0571    -49.6   1.6    869.9   6.6     26.3   4.6    4  2011.1858  2011.1940   1.1   5.5   3.7   37.7520639965  139.0739089275   48.2012
0572     20.3   1.3    251.6   1.7     24.4   1.5    4  2011.1858  2011.1940   0.9   1.6   1.4   36.7369580652  137.3695146525   66.5516
0573     20.0   1.3    208.8   0.8     17.1   3.7    4  2011.1858  2011.1940   0.9   0.7   3.1   36.6495616777  137.0318979377   88.6460
0574      3.7   1.7    283.0   1.9     28.9   3.2    4  2011.1858  2011.1940   1.2   1.8   3.0   37.3069697037  137.1385436751  127.9947
0575      8.1   0.9    229.6   1.1     16.0   6.2    4  2011.1858  2011.1940   0.7   1.1   6.0   37.1567439782  136.7187594780   48.9298
0576     11.9   4.1    249.8   2.7     18.5   8.8    4  2011.1858  2011.1940   2.9   2.7   8.6   37.1231561135  136.9960680917   73.6192
0577     15.4   1.4    205.0   0.8     16.8   5.5    4  2011.1858  2011.1940   1.0   0.8   5.3   36.8174784357  136.7556506014   60.1864
0578     19.1   2.1    159.5   1.3     22.2   3.9    4  2011.1858  2011.1940   1.5   1.2   3.1   36.3700687751  136.6053334105  223.5768
0579     20.4   2.2    113.4   1.4     15.8   5.7    4  2011.1858  2011.1940   2.1   1.3   5.0   35.9688869617  136.1849918270   54.1797
0580     20.8   2.7    101.6   0.4     15.5   5.0    4  2011.1858  2011.1940   2.5   0.4   4.1   35.8368408913  136.0559825494   78.0919
0581   -124.1   1.1   1540.6   0.5   -230.7   4.1    3  2011.1858  2011.1926   0.8   0.4   2.9   36.7430269899  140.4975978802  312.3992
0582     42.7   1.8    788.4   7.7    -67.7   6.4    4  2011.1858  2011.1940   1.8   5.6   5.4   36.3007050255  139.9877657112   76.2763
0583     56.0   1.6    634.0   7.4    -55.1   4.0    4  2011.1858  2011.1940   1.1   5.8   3.9   36.1148135125  139.9314986259   67.6144
0584     42.0   2.5    697.9   8.4    -94.8   3.0    4  2011.1858  2011.1940   2.5   6.4   2.9   36.0313395438  140.2024434067   70.8949
0585    -27.4   3.2   1372.5  12.4    -76.3   4.4    4  2011.1858  2011.1940   3.1   9.4   4.1   36.9523064451  140.1647571481  303.5535
0586     17.8   0.4   1059.8   8.2    -41.5   2.9    4  2011.1858  2011.1940   0.3   6.7   2.2   36.9795813449  139.8057476695  610.4204
0587     26.2   1.5    967.1   8.0    -29.1   1.8    4  2011.1858  2011.1940   1.1   6.2   1.8   36.7763714101  139.8542568634  302.3885
0588    -16.0   2.3   1173.7  11.6    -83.0   3.4    4  2011.1858  2011.1940   2.2   8.9   3.4   36.6924553391  140.1576896605  154.9810
0589     64.3   1.1    696.9   6.8    -11.6   2.0    4  2011.1858  2011.1940   0.8   6.0   1.7   36.6241739601  139.4905898658 1335.6523
0590    -13.3   1.0   1060.4   0.9   -103.1   2.9    3  2011.1858  2011.1926   0.7   0.6   2.1   36.5422159158  140.1793079542  178.6511
0591     55.0   2.2    419.1   4.5     17.8   3.3    4  2011.1858  2011.1940   2.1   4.0   2.5   36.6163175600  138.5914449706 1276.9751
0592     60.9   1.5    400.4   4.2      8.0   4.0    4  2011.1858  2011.1940   1.5   3.1   4.0   36.2346703245  139.0666412259  178.5299
0593     57.8   1.9    349.7   3.4      9.3   1.4    4  2011.1858  2011.1940   1.8   2.6   1.4   36.1427532701  138.9124183319  963.9889
0606     49.4   1.2    198.4   2.6      5.9   4.2    4  2011.1858  2011.1940   1.2   2.6   3.6   35.6495181805  138.6903805638  383.9118
0607     48.0   1.8    186.8   2.3      8.6   0.4    4  2011.1858  2011.1940   1.8   1.8   0.4   35.5118678567  139.0257755590  738.6327
0608     39.8   1.6    247.9   1.2     11.7   4.1    4  2011.1858  2011.1940   1.6   0.9   3.9   36.2390292687  137.9845496340  647.9774
0609     36.6   0.1    228.6   2.1     24.5   2.9    4  2011.1858  2011.1940   0.1   2.0   2.5   36.2283689698  137.8717494875  691.4679
0610     55.0   1.6    321.9   2.7     17.8   2.3    4  2011.1858  2011.1940   1.6   2.2   2.3   36.2847131998  138.4992801927  790.9553
0611     37.7   1.4    191.8   1.4     32.5   4.0    4  2011.1858  2011.1940   1.4   1.2   4.0   36.0846631328  137.6826265493 1133.3651
0612     44.4   2.0    227.6   1.8     21.5   4.0    4  2011.1858  2011.1940   2.0   1.4   4.0   36.0261628127  138.2144835280 1024.9596
0613     53.9   2.0    258.2   2.3     -5.1   1.4    4  2011.1858  2011.1940   2.0   1.7   1.3   35.9741470205  138.5830262433 1238.6445
0614     33.7   1.6    164.7   1.9     24.4   4.1    4  2011.1858  2011.1940   1.6   1.4   4.1   35.8800027745  137.5982732863  995.7023
0615     34.8   1.2    162.0   0.8     27.6   5.9    4  2011.1858  2011.1940   1.2   0.7   5.1   35.7262929567  137.9838886799  700.1155
0616     28.5   2.3    108.6   1.2     15.9   1.4    4  2011.1858  2011.1940   2.2   1.2   1.3   35.3437338963  137.6763969422 1498.8590
0617     27.3   2.1    166.2   1.2     23.1   2.0    4  2011.1858  2011.1940   1.5   1.2   1.7   36.2614678058  136.9042696803  573.2099
0618     26.3   1.4    193.1   0.9     19.9   2.7    4  2011.1858  2011.1940   1.0   0.7   2.2   36.2856424993  137.3630194977  675.7523
0619     28.7   1.1    146.3   1.0      8.8   7.6    4  2011.1858  2011.1940   0.8   0.8   7.3   35.9116344008  137.2006682991  500.2340
0621     33.5   1.5    115.9   1.8      6.3   3.4    4  2011.1858  2011.1940   1.5   1.7   3.4   35.2043944357  138.9283544184  308.5137
0626     28.0   1.2     91.8   0.7      0.8   1.3    4  2011.1858  2011.1940   1.2   0.6   1.1   35.0472430807  138.9068931104   48.7571
0627     44.7   1.8    695.9   8.2    -79.2   3.4    4  2011.1858  2011.1940   1.7   6.6   3.3   36.1036351602  140.0863070572   69.7407
0629     24.0   1.3     88.3   0.6     10.0   0.7    4  2011.1858  2011.1940   1.3   0.5   0.6   35.2390862368  137.0735652383  156.6432
0630     23.6   1.5     82.9   0.3     11.2   1.1    4  2011.1858  2011.1940   1.5   0.3   1.0   35.1684214299  136.9658009445   95.7980
0633     20.3   1.7     73.7   1.0      3.0   4.5    4  2011.1858  2011.1940   1.7   0.9   4.2   35.0509111314  136.6942502790   43.1825
0636     15.1   1.6     45.4   0.8      1.6   5.4    4  2011.1858  2011.1940   1.6   0.7   5.3   34.4314417808  136.6283989914   67.8818
0638     19.0   0.6     84.3   0.6      9.7   5.8    4  2011.1858  2011.1940   0.4   0.6   5.8   35.4203566579  136.2647460712  135.9368
0639     17.9   1.7     65.7   0.7      7.3   4.8    4  2011.1858  2011.1940   1.7   0.5   3.5   35.0857234902  136.0411989664  134.9496
0752     60.4   1.0    515.7   5.2     12.7   3.3    4  2011.1858  2011.1940   0.7   4.7   2.4   36.5392587537  139.0567345204  513.4167
0753     61.5   1.1    366.7   3.6      4.1   2.8    4  2011.1858  2011.1940   1.0   3.2   2.7   36.0037351927  139.2693278662  149.4255
0754     61.5   2.2    314.4   3.3      1.2   3.1    4  2011.1858  2011.1940   2.1   2.3   3.1   35.8840482953  139.1821975279  288.8373
0755     59.9   1.5    312.0   3.2     -7.3   2.9    4  2011.1858  2011.1940   1.5   3.0   2.9   35.8008019640  139.3659694349  182.1839
0756     16.9   1.4    140.7   3.6    -40.2   3.4    4  2011.1858  2011.1940   1.0   2.9   3.4   35.2883837144  140.2491604721   64.3661
0758     54.1   1.2    242.1   2.4     -6.5   2.2    4  2011.1858  2011.1940   1.2   2.3   2.2   35.6164279449  139.3698965223  186.9590
0759     24.7   1.9    111.8   1.2     -9.1   3.9    4  2011.1858  2011.1940   1.9   1.2   3.6   35.1608667714  139.6138422413   68.3629
0794   -121.0   1.4    118.3   2.9     21.4   8.9    4  2011.1858  2011.1940   1.0   2.5   7.1   41.9348530531  140.3712342283  156.5274
0795   -900.2  10.0   1243.8 133.1    261.6 296.4    4  2011.1858  2011.1940   9.5 105.3 209.6   39.8490175745  141.4525920331  683.4689
0796  -1074.6   1.1   2586.6   9.4    -58.2   6.2    4  2011.1858  2011.1940   1.1   8.8   6.0   39.1270081987  140.9884557600  227.9733
0799   -339.3   1.2   1842.6  16.8    -19.0   6.4    4  2011.1858  2011.1940   1.2  13.4   5.3   38.4343424375  140.0946312204  288.1797
0800   -329.0   4.2   2228.3  11.9   -480.8   4.8    4  2011.1858  2011.1940   3.6   9.1   4.7   37.0184487194  140.8416463360   71.5605
0801     18.4   0.9    831.4   8.0    -14.2   2.8    4  2011.1858  2011.1940   0.6   6.9   2.8   37.0369345216  139.4022325501  960.0943
0802     51.9   1.7    553.3   6.1     16.4   2.9    4  2011.1858  2011.1940   1.7   5.3   2.5   36.7780608313  138.9448169749  665.3051
0803   -323.9   3.2   2032.3  17.8    -30.3   2.1    4  2011.1858  2011.1940   3.0  14.0   2.1   38.2889821345  140.1999162812  405.8985
0804     46.2   1.2    185.2   3.3    -11.9   3.1    4  2011.1858  2011.1940   1.1   3.3   3.0   35.4192685063  139.5219229027   89.4300
0805    -68.5   1.4    986.6   7.9     24.1   4.5    4  2011.1858  2011.1940   1.0   6.4   4.2   37.8281583149  139.2260375452   52.0249
0806    -48.1   1.4    748.4   5.3     28.4   6.8    4  2011.1858  2011.1940   1.0   4.6   6.5   37.7769902218  138.8804410682   47.7703
0807    -14.9   1.4    681.1   4.8     34.3   2.8    4  2011.1858  2011.1940   1.0   4.1   2.7   37.4986561726  138.7795398625  100.6457
0809     45.0   1.8    185.0   2.0     12.9   5.1    4  2011.1858  2011.1940   1.8   1.9   4.9   35.6736931612  138.4568188352  413.5726
0810    -25.9   1.7    766.8   5.7     33.4   2.6    4  2011.1858  2011.1940   1.2   4.7   2.5   37.5897366679  138.9202782306   56.3226
0811     29.8   1.3    127.0   0.6     14.3   2.5    4  2011.1858  2011.1940   0.9   0.5   2.4   35.5750920475  137.5287800831  388.9881
0812     19.5   1.0     84.9   0.4     14.8   7.0    4  2011.1858  2011.1940   0.8   0.4   6.9   35.3597307343  136.4703050421  158.5341
0813     29.0   1.4    101.9   1.1     -1.1   4.0    4  2011.1858  2011.1940   1.4   1.0   3.7   35.1141667630  138.9738673440  197.7321
0815     31.7   1.0    100.3   0.9      3.2   4.8    4  2011.1858  2011.1940   0.8   0.9   4.3   35.1171524187  138.6099734704   54.2722
0817     25.2   2.1     91.6   0.7      2.6   8.0    4  2011.1858  2011.1940   2.0   0.7   7.8   35.0669742071  138.2099833654  701.7996
0818     25.6   2.1     89.6   1.3      2.7   3.3    4  2011.1858  2011.1940   2.0   1.3   3.3   35.0448836155  138.0816837653  274.8268
0822     21.9   1.4     88.0   0.2     10.0   2.3    4  2011.1858  2011.1940   1.4   0.2   1.7   35.3008371686  136.7888237869   50.2613
0844   -304.7   3.0    346.8   1.6     35.1   0.7    4  2011.1858  2011.1940   2.4   1.5   0.5   40.8344067523  140.8105382228   47.6787
0845    -87.3   1.9   1846.9  12.4    -83.4   3.2    4  2011.1858  2011.1940   1.3   9.9   2.5   37.3618231858  140.3243896669  293.9611
0847     27.2   1.6     96.3   0.8      3.4   2.6    4  2011.1858  2011.1940   1.6   0.7   2.6   35.1604510106  137.8687617954  335.5071
0892   -140.1   2.4    119.9   1.3     26.6   2.7    4  2011.1858  2011.1940   2.4   1.2   2.7   41.7405919309  140.9293326156   61.9040
0893   -139.2   2.6    140.8   2.1     25.2   1.7    4  2011.1858  2011.1940   2.6   1.6   1.6   41.7113250122  140.5350262182   56.0338
0894   -177.0   4.2    166.1   9.9     12.3  12.5    4  2011.1858  2011.1940   3.7   7.4  10.7   41.4661599642  141.0944667906   91.1333
0895   -220.3   3.0    224.3   8.4     21.7   8.3    4  2011.1858  2011.1940   2.1   6.6   6.2   41.1996636879  140.9838134617   42.9988
0896   -233.9  14.1     74.5 133.9    313.5 297.2    4  2011.1858  2011.1940  11.9  94.8 210.6   41.1609340652  141.3856940332   50.7267
0897   -212.8   1.5    261.4   2.9     28.2  10.5    4  2011.1858  2011.1940   1.5   2.5   8.6   41.1217231336  140.2935285884   88.8955
0898   -256.9   1.6    385.5   1.5     32.7   3.8    4  2011.1858  2011.1940   1.6   1.5   2.7   40.7306334003  140.0109944548  103.4187
0899   -409.4   0.5    476.0   1.0     28.7   4.1    3  2011.1858  2011.1926   0.3   0.7   2.9   40.5799813684  141.1060227095  202.0704
0901   -460.9  11.6    383.9 133.0    305.4 295.4    4  2011.1858  2011.1940  11.3  96.2 209.8   40.5087593937  141.3319953017  173.1755
0902   -455.8   6.0    565.5   5.7     35.4   1.1    4  2011.1858  2011.1940   4.4   4.1   0.8   40.4476335103  140.9415902724  475.8113
0903   -588.7  10.2    589.0 134.8    292.5 294.6    4  2011.1858  2011.1940  10.1 100.2 208.9   40.2710430253  141.4848647422  283.2868
0904   -634.7   2.0    860.5   1.2      6.9  11.8    4  2011.1858  2011.1940   1.7   1.0  10.2   40.1067474876  141.0464552938  348.1079
0908   -818.2   6.1   1556.7  11.3      5.6   2.9    4  2011.1858  2011.1940   4.9   9.1   2.7   39.5544565659  140.8363184377  471.1977
0909  -1149.4   3.0   2186.4  12.9    -71.6   6.4    4  2011.1858  2011.1940   2.4  10.7   6.3   39.4646935138  141.2930008987  244.5922
0910  -1317.1   7.0   2904.6  24.1   -152.2   4.1    4  2011.1858  2011.1940   5.0  19.8   4.1   39.2353748481  141.3116722546  222.3880
0911  -1515.9   0.3   3874.0   4.3   -303.6   0.1    3  2011.1858  2011.1926   0.2   3.1   0.1   39.0121071871  141.4008532104  212.2325
0912  -1225.5   2.0   3272.7  13.4   -166.0   9.4    4  2011.1858  2011.1940   1.5  10.7   8.2   38.9954631648  141.1485230991  131.6780
0921   -317.6   2.3    546.6   3.9     37.9   4.0    4  2011.1858  2011.1940   2.3   3.1   3.9   40.3393961211  140.0275658194   47.7595
0922   -425.8   4.1    699.4   9.1     37.7   9.4    4  2011.1858  2011.1940   3.6   7.0   7.0   40.1833165042  140.4081522558   99.5276
0923   -362.1   2.4    682.8   4.8     41.7   5.3    4  2011.1858  2011.1940   2.3   3.9   4.5   40.0996996251  140.0054955626   46.0291
0924   -534.6   6.0    957.4  11.3     29.2   0.8    4  2011.1858  2011.1940   4.8   8.8   0.8   39.9213914002  140.5358553515  332.4907
0925   -461.8   3.2   1109.8   9.3     43.7   4.1    4  2011.1858  2011.1940   2.9   7.5   3.7   39.5275645876  140.0539263327   77.8783
0926   -674.0   6.1   1448.0  15.4     14.8   1.5    4  2011.1858  2011.1940   4.9  11.8   1.2   39.5081373465  140.5960877444  113.8300
0927   -561.3   3.1   1441.4  11.9     25.6   5.7    4  2011.1858  2011.1940   2.6   9.5   5.7   39.2967442605  140.2789261241  179.7138
0928   -857.5   7.0   2106.9  17.1    -64.5   2.0    4  2011.1858  2011.1940   5.1  14.2   1.9   39.1462020668  140.7150505118  322.0493
0929   -636.3   3.2   1854.3  14.3    -17.1   6.1    4  2011.1858  2011.1940   3.0  11.8   4.8   39.0543800232  140.4473341988  199.8634
0930   -511.7   4.1   1678.4  14.6      4.5   2.5    4  2011.1858  2011.1940   3.4  11.3   2.3   38.9381027304  140.1834738914  173.9941
0931   -608.3   4.0   2320.3  19.0    -73.8   0.7    4  2011.1858  2011.1940   3.3  14.3   0.6   38.7521555896  140.4972604311  236.1492
0932   -295.9   1.1   1295.3  10.2     31.3   4.7    4  2011.1858  2011.1940   1.1   8.7   4.6   38.7011666319  139.6745260949   60.1305
0933   -440.3   3.3   1971.9  17.2    -19.7   3.6    4  2011.1858  2011.1940   3.1  13.4   2.5   38.6284139819  140.2205057728  273.0023
0934   -361.5   3.1   2451.5  16.2   -112.2   8.0    4  2011.1858  2011.1940   3.1  12.4   7.7   38.1704398617  140.3938814204  930.5981
0935   -142.1   1.0   1537.3  11.6    -23.1   6.2    4  2011.1858  2011.1940   0.7   8.5   5.9   37.9205846973  139.8794063251  423.5677
0936   -191.5   1.7   2394.5  14.5    -68.0   7.0    4  2011.1858  2011.1940   1.2  11.4   5.9   37.8334950814  140.4467938294  159.9364
0937    -85.8   0.8   1571.1  11.8    -43.4   4.6    4  2011.1858  2011.1940   0.6   9.0   3.8   37.6692880122  139.9726624105  443.4427
0938   -194.3   2.4   2467.1  17.7   -131.4   3.5    4  2011.1858  2011.1940   2.4  13.0   3.5   37.5910906788  140.5716475713  443.9412
0939    -46.1   1.0   1335.3  10.3    -10.6   5.0    4  2011.1858  2011.1940   0.7   8.5   4.5   37.4612889858  139.8355232446  277.2990
0940    -77.8   2.6   2096.8  17.5   -180.5   4.2    4  2011.1858  2011.1940   2.6  12.8   4.2   37.4448712315  140.4640303885  363.6173
0941    -14.2   1.3   1144.6   9.1    -15.7   1.8    4  2011.1858  2011.1940   0.9   7.1   1.7   37.3262101187  139.6863453879  815.7375
0942    -53.7   1.9   1646.2  15.3    -71.3   2.8    4  2011.1858  2011.1940   1.8  11.3   2.3   37.2930409057  140.2127453964  373.4548
0943   -131.5   2.2   1908.8  14.9   -136.5   3.0    4  2011.1858  2011.1940   2.1  10.7   2.8   37.2105625977  140.4509702043  411.7670
0944   -252.2   3.8   2251.6  15.5   -316.7   3.4    4  2011.1858  2011.1940   3.8  12.0   3.3   37.1830917711  140.7159969405  528.7083
0945    -98.9   1.9   1652.8  10.8   -140.3   2.6    4  2011.1858  2011.1940   1.9   8.2   2.1   37.0235812034  140.3762697759  342.6880
0946   -219.3   3.2   1982.2  14.3   -332.1   5.6    4  2011.1858  2011.1940   2.9  10.6   5.6   36.9326200941  140.6901493512  231.6996
0947    -53.5   2.3   1191.7   8.9   -181.8   4.0    4  2011.1858  2011.1940   2.2   6.5   4.0   36.4758503690  140.3856913519   91.2876
0948    -11.4   1.3   1331.3  10.7    -53.2   4.6    4  2011.1858  2011.1940   0.9   8.3   4.6   37.1246993585  140.0354090614  799.4536
0949     43.6   0.2    832.4   8.1     -2.2   2.2    4  2011.1858  2011.1940   0.1   7.0   2.2   36.8722466847  139.5053140366 1087.8437
0950     44.7   1.2    776.6   7.8    -31.5   4.0    4  2011.1858  2011.1940   0.8   6.1   3.9   36.5376328231  139.7527897844  170.9194
0951     33.8   1.6    813.7   7.7    -52.1   5.4    4  2011.1858  2011.1940   1.6   5.9   5.3   36.4565804549  139.9025072092  118.5321
0952     44.7   0.5    615.3   6.3     21.5   1.7    4  2011.1858  2011.1940   0.4   5.5   1.7   36.8373547560  139.0608518364  799.2171
0954     55.2   1.4    465.9   4.5     16.1   4.8    4  2011.1858  2011.1940   1.4   3.3   4.3   36.5913767884  138.8478911398  419.0845
0955     61.2   1.6    450.4   4.9     12.7   3.9    4  2011.1858  2011.1940   1.6   3.5   3.4   36.3953463621  139.0167103433  178.1945
0956     66.8   1.2    470.2   4.9      5.4   2.4    4  2011.1858  2011.1940   1.2   4.0   1.9   36.2676911267  139.2546390815   86.0030
0957     56.8   2.1    329.5   3.7     19.9   0.6    4  2011.1858  2011.1940   2.0   3.0   0.6   36.2002658166  138.7029839673  660.1237
0958     57.8   1.5    289.1   3.0      9.7   1.6    4  2011.1858  2011.1940   1.5   2.6   1.6   35.9299276729  138.9260527756 1175.9831
0959     17.8   0.9    103.7   1.3    -26.7   3.4    4  2011.1858  2011.1940   0.7   1.0   3.3   35.1438028609  139.9684694257  110.4906
0960     43.6   0.3    169.6   2.9     -8.5   2.5    4  2011.1858  2011.1940   0.2   2.9   2.1   35.3914879647  139.3660640720   53.7648
0961    -23.6   0.2    859.7   7.5     24.1   4.8    4  2011.1858  2011.1940   0.2   5.6   4.0   37.5403415855  139.1114473953  140.0065
0962     15.8   3.5    577.9   4.6     41.4   6.7    4  2011.1858  2011.1940   2.5   3.4   6.6   37.2121133264  138.6345987037  135.7165
0963      6.1   1.1    807.6   7.5      7.0   3.4    4  2011.1858  2011.1940   0.8   6.1   2.7   37.1576159865  139.2471071018  752.6413
0964    -20.7   2.8    548.3   4.8     29.6   4.6    4  2011.1858  2011.1940   2.0   3.6   4.6   37.1070849094  138.4573591333  172.0074
0965    -59.6   2.2   1362.7   0.6   -134.9   2.3    3  2011.1858  2011.1954   1.6   0.4   1.7   36.7789563442  140.2964879641  188.3732
0966     11.9   0.3    234.8   1.5     31.3   6.2    4  2011.1858  2011.1940   0.2   1.5   5.6   36.9195079306  137.0264323917   48.2877
0967     16.9   1.2    291.3   1.9     21.8   0.4    4  2011.1858  2011.1940   0.8   1.6   0.3   36.8643445233  137.5513262385  171.1873
0968     19.4   1.1    229.3   1.8     17.0   1.5    4  2011.1858  2011.1940   1.0   1.8   1.3   36.7579504182  137.1544737932   44.3082
0969     18.9   1.3    189.4   0.8     24.7   3.8    4  2011.1858  2011.1940   0.9   0.6   3.4   36.5920904674  136.8064027725  134.6682
0970     24.8   2.4    204.7   0.9     33.1   6.1    4  2011.1858  2011.1940   2.4   0.8   5.6   36.4727997653  137.2392241367  255.3439
0971      0.5   1.2    280.8   1.6     17.4   4.8    4  2011.1858  2011.1940   0.9   1.2   4.7   37.4322582785  137.0339407715   68.0275
0972      6.8   1.0    254.3   1.4     22.8   5.7    4  2011.1858  2011.1940   0.7   1.4   5.0   37.2264362352  136.9087722299   44.3147
0973     17.3   0.5    167.8   1.0     14.6   5.7    4  2011.1858  2011.1940   0.3   1.0   5.6   36.5372657897  136.5406745653   50.4536
0974     20.1   1.0    133.1   0.5     34.7   9.4    4  2011.1858  2011.1940   0.7   0.4   7.3   36.2295631780  136.3616451308  125.0955
0975     19.6   1.6    115.5   2.0     14.6   6.9    4  2011.1858  2011.1940   1.6   2.0   5.3   36.1097332655  136.0489478751   47.7544
0976     21.8   1.5    122.7   1.0     10.9   2.4    4  2011.1858  2011.1940   1.1   0.7   1.7   35.9014141767  136.6577397884  466.1125
0977     20.9   1.8    111.1   0.6     16.5   5.5    4  2011.1858  2011.1940   1.3   0.5   4.5   35.8882167484  136.3395793647  261.4851
0979     49.8   1.5    232.9   2.0     10.8   5.2    4  2011.1858  2011.1940   1.5   2.0   3.7   35.9049323496  138.4442146129 1208.9529
0980     54.0   1.7    245.6   1.9      9.9   2.3    4  2011.1858  2011.1940   1.7   1.6   2.2   35.7538709607  138.9499891713  780.3192
0981     42.7   1.3    154.4   0.8      9.6   4.2    4  2011.1858  2011.1940   0.9   0.7   3.5   35.4676920031  138.6068678174  973.8280
0982     74.2   1.3    468.5   4.9     28.1   2.4    4  2011.1858  2011.1940   1.3   3.9   2.2   36.8566863725  138.6242499717  739.9163
0983     30.6   1.0    340.9   3.1     31.8   4.0    4  2011.1858  2011.1940   0.7   2.8   3.4   36.7066467197  138.0967271126  972.6798
0984     39.7   1.6    311.7   2.5     22.9   4.9    4  2011.1858  2011.1940   1.6   2.2   4.7   36.5236037719  138.1209460534  408.0800
0985     48.3   1.3    293.4   2.7     14.8   4.5    4  2011.1858  2011.1940   0.9   2.6   4.5   36.2609873418  138.3660430335  788.5648
0986     36.3   1.4    182.2   0.1     16.7   0.9    4  2011.1858  2011.1940   1.4   0.1   0.8   35.9446009716  137.7854356173 1033.4197
0987     39.2   1.7    191.5   1.1      2.1   7.8    4  2011.1858  2011.1940   1.2   1.0   6.6   35.8784182396  138.0957062435  915.9423
0988     32.4   0.6    145.8   0.6     14.0   4.7    4  2011.1858  2011.1940   0.4   0.4   4.5   35.8155527024  137.4508793366 1103.9266
0989     32.8   1.4    140.3   0.3     18.1   2.0    4  2011.1858  2011.1940   1.0   0.3   1.9   35.6612280907  137.6201562970  546.4656
0990     25.9   0.5    159.7   0.9     17.2   1.2    4  2011.1858  2011.1940   0.3   0.9   0.9   36.1402632632  137.0805278568  896.6569
0991     25.1   1.6    116.4   1.1     10.2   1.7    4  2011.1858  2011.1940   1.1   0.8   1.3   35.7234879123  136.7846196537  393.9149
0992     27.8   1.5    114.1   0.3     10.8   2.1    4  2011.1858  2011.1940   1.1   0.3   2.0   35.5231288075  137.3090933230  497.5826
0993     20.3   0.4     93.0   1.8     15.3   6.1    4  2011.1858  2011.1940   0.3   1.3   5.6   35.4800593134  136.5452908485  101.7675
0994     25.7   1.7     95.9   0.7      9.3   3.0    4  2011.1858  2011.1940   1.7   0.7   2.9   35.3005508149  137.2523167317  398.8286
0995     24.0   1.7     88.5   1.1     11.8   3.4    4  2011.1858  2011.1940   1.7   1.1   3.0   35.1000227126  137.5753310775  527.2091
1059      6.5   0.6      7.4   2.1     -0.5   6.6    4  2011.1858  2011.1940   0.4   2.0   5.9   32.7386116521  132.5554348776  183.0546
1100     33.0   1.1    149.1   2.1      5.1   3.1    4  2011.1858  2011.1940   1.1   1.7   2.9   35.3607701439  138.7273031955 3819.9079
1101     18.3   1.5     78.5   3.0     12.1   4.7    4  2011.1858  2011.1940   1.5   2.5   3.8   35.1047618433  136.5037569092  161.6551
1102     27.8   1.1    123.5   1.4     15.2   4.6    4  2011.1858  2011.1940   0.8   1.3   4.4   35.3220747895  138.1857834413  994.9445
1128     24.5   0.9     94.4   0.6     12.1   4.8    4  2011.1858  2011.1940   0.6   0.6   4.8   35.4051337211  136.7287517116   51.7895
1138     21.2   1.8    258.7   3.2      8.0   2.1    4  2011.1858  2011.1940   1.3   3.2   2.0   36.5769680427  137.5959706036 2483.2525
1145  -1427.1   0.5   3989.0   5.5   -253.9   1.5    3  2011.1858  2011.1926   0.3   3.9   1.1   38.9019340503  141.2831922697   81.8882
1158     11.3   1.2    222.2   0.8     13.4   7.2    4  2011.1858  2011.1940   0.8   0.8   7.1   37.0007191073  136.7727051597   51.7147
1159  -1052.9   0.5   2129.6   3.4    -36.3   0.1    3  2011.1858  2011.1954   0.4   2.4   0.1   39.3620154169  141.0546601665  154.6972
1162   -228.3   1.1   1235.2   9.6     28.8   2.1    4  2011.1858  2011.1940   1.1   8.2   2.1   38.5111965255  139.5338219849   72.9609
1163     61.7   1.0    608.0   6.3      0.8   2.2    4  2011.1858  2011.1940   0.7   5.3   1.9   36.6023376316  139.2761875355 1016.5022
1171     62.9   1.7    346.5   4.6    -21.8   3.2    4  2011.1858  2011.1940   1.2   3.4   2.8   35.7580289384  139.6445409053   79.6276
1173   -124.1   5.2    105.9  10.2      8.5  13.6    4  2011.1858  2011.1940   4.4   7.3  12.1   41.8339967977  141.1421770929   44.4111
1174   -319.9   2.0    459.2   5.8     34.2  11.9    4  2011.1858  2011.1940   1.7   4.3   8.7   40.5751832583  140.2949932061  166.4511
1175   -290.6   2.3    309.7   9.4     25.8   9.9    4  2011.1858  2011.1940   2.2   6.8   8.5   40.9211549723  140.9902267678   68.5044
1176   -281.2   1.2   2572.6   1.1   -319.8   1.9    3  2011.1858  2011.1926   0.8   0.7   1.3   37.3366976749  140.8084452762  462.0774
2106     26.1   0.7     82.4   0.9    -11.2   8.7    4  2011.1858  2011.1940   0.5   0.8   7.2   35.0068525192  139.0819701652   60.6954
2110     45.4   2.1    698.6   8.2    -81.0   3.9    4  2011.1858  2011.1940   2.0   6.5   3.7   36.1061143590  140.0871902608   70.3194
3001     67.4   1.2    570.5   6.0    -22.9   3.3    4  2011.1858  2011.1940   0.9   4.9   3.2   36.2951624444  139.5423006470   69.0454
3002     19.1   2.0    862.9   8.4   -106.8   2.5    4  2011.1858  2011.1940   2.0   6.1   2.2   36.2632689116  140.1742640470   94.2944
3003     55.0   0.9    625.9   7.2    -39.2   1.8    4  2011.1858  2011.1940   0.6   5.7   1.6   36.2036717983  139.8105264640   68.9281
3004    -57.6   2.2   1098.3  10.7   -220.7   4.0    4  2011.1858  2011.1940   2.0   8.0   4.0   36.1813070626  140.5444820715   82.6089
3005     64.1   0.5    426.1   4.4     -0.8   2.6    4  2011.1858  2011.1940   0.3   3.4   2.2   36.1209510558  139.3451699870   95.3325
3006     14.9   2.7    841.6   8.2   -138.4   1.5    4  2011.1858  2011.1940   2.7   6.1   1.3   36.0969364367  140.3431500407   68.7103
3007     63.5   1.3    506.7   5.9    -22.4   1.8    4  2011.1858  2011.1940   0.9   4.3   1.5   36.0872272253  139.6367237374   56.7876
3008     62.4   1.6    521.7   6.3    -40.6   2.1    4  2011.1858  2011.1940   1.1   5.1   2.1   36.0108963287  139.7999318097   50.7708
3009    -24.1   5.2    932.8  12.5   -251.1   2.7    4  2011.1858  2011.1940   4.5   9.1   2.7   35.9554548396  140.6592353474   65.8559
3010     26.0   3.4    755.5   9.0   -136.2   1.7    4  2011.1858  2011.1940   3.3   6.6   1.2   35.9704087285  140.4029505458   55.2058
3011     62.6   1.4    380.6   4.1    -11.8   3.9    4  2011.1858  2011.1940   1.4   3.4   3.9   35.9255043342  139.4642854165   62.8820
3012     58.7   1.3    544.5   7.0    -63.7   4.8    4  2011.1858  2011.1940   0.9   5.2   4.6   35.9402912721  139.9927223147   62.3559
3013     64.9   1.3    437.1   5.0    -23.1   3.0    4  2011.1858  2011.1940   0.9   3.9   3.0   35.9374704394  139.6518601520   55.6822
3014     53.4   1.4    552.3   7.9    -90.7   5.6    4  2011.1858  2011.1940   1.4   5.8   5.6   35.8736478343  140.1454927370   46.8054
3015     44.0   2.6    575.4   8.7   -109.0   5.1    4  2011.1858  2011.1940   2.6   6.3   5.0   35.8033294528  140.4070068933   80.2979
3016     64.3   1.6    394.5   5.7    -39.3   3.4    4  2011.1858  2011.1940   1.1   4.0   3.3   35.7802140984  139.8128116436   44.6051
3018     61.4   1.6    446.7   6.6    -62.9   3.8    4  2011.1858  2011.1940   1.1   4.9   3.0   35.7864658628  140.0247545599   69.6186
3019     61.4   1.1    291.9   3.6    -19.8   2.1    4  2011.1858  2011.1940   0.8   3.4   1.9   35.7103707064  139.4882625304  123.6600
3020     51.2   2.6    458.2   8.2    -87.3   6.2    4  2011.1858  2011.1940   2.6   6.0   6.2   35.7174523593  140.3151468713   76.4504
3021      7.3   6.2    629.8  13.0   -139.0   3.3    4  2011.1858  2011.1940   5.3   9.2   3.3   35.7773026778  140.6468216541   90.3755
3022    -54.8   6.2    620.8  15.9   -137.2   0.5    4  2011.1858  2011.1940   5.2  11.3   0.5   35.7263552932  140.8372298051   59.1005
3023     61.1   1.6    349.8   5.1    -45.9   4.8    4  2011.1858  2011.1940   1.1   3.8   4.8   35.6754635258  139.9023541025   43.5177
3024     35.1   3.5    410.7   8.7    -87.9   3.3    4  2011.1858  2011.1940   3.4   6.2   3.2   35.6423534070  140.4483007604   77.8649
3025     47.7   2.1    290.8   6.5    -57.5   3.6    4  2011.1858  2011.1940   2.0   5.3   3.6   35.5441439438  140.1865631605   84.2897
3026     55.3   1.7    259.1   3.4    -25.8   3.1    4  2011.1858  2011.1940   1.2   2.5   2.8   35.5634027074  139.6733525343   47.4178
3027     37.7   3.2    292.1   7.2    -61.9   4.4    4  2011.1858  2011.1940   3.2   5.5   4.4   35.5301157712  140.3182360230   57.2398
3028     50.5   0.6    216.1   2.9    -11.6   2.8    4  2011.1858  2011.1940   0.4   2.8   2.7   35.5214087910  139.4678410860  124.9867
3029     47.7   1.1    194.0   2.7     -7.6   4.6    4  2011.1858  2011.1940   1.0   2.2   4.5   35.4826409960  139.3225764694  107.0553
3030     41.9   1.8    227.2   4.6    -44.0   3.2    4  2011.1858  2011.1940   1.3   3.6   3.0   35.4477835689  140.0513317787   79.5864
3031     43.6   1.2    166.1   1.6      0.5   2.6    4  2011.1858  2011.1940   0.8   1.4   2.6   35.4153506702  139.0451790874  372.3766
3032     46.3   0.9    201.1   2.3    -20.4   4.9    4  2011.1858  2011.1940   0.6   1.7   4.8   35.4364841915  139.6537473948   70.5229
3033     23.0   1.4    215.7   6.4    -52.7   5.5    4  2011.1858  2011.1940   1.4   5.1   5.3   35.4211266004  140.3373706312   44.3765
3034     39.6   1.0    153.7   2.1    -10.0   3.5    4  2011.1858  2011.1940   0.9   2.1   3.3   35.3266813107  139.4660684214   46.3969
3035     39.3   0.5    143.0   2.8     -1.3   0.9    4  2011.1858  2011.1940   0.3   2.8   0.8   35.3048993692  139.2626943619  119.3705
3036     34.0   1.3    158.5   1.8    -24.9   4.0    4  2011.1858  2011.1940   0.9   1.7   4.0   35.3117022062  139.8255193736   46.7236
3037     27.0   1.0    162.8   3.5    -39.5   3.0    4  2011.1858  2011.1940   0.7   2.8   2.9   35.3331395924  140.1467912466   95.3246
3038     37.5   1.7    138.1   0.3      9.5   4.6    4  2011.1858  2011.1940   1.7   0.2   4.4   35.3216036382  138.8816502552  691.0178
3039     22.6   1.9    106.8   1.4    -20.8   5.2    4  2011.1858  2011.1940   1.9   1.4   4.0   35.1437094461  139.8435681837   56.7949
3041      7.4   1.5     97.6   2.3    -33.0   2.3    4  2011.1858  2011.1940   1.0   1.7   2.0   35.1659010018  140.2680213095  127.9525
3042     32.5   2.7    107.7   1.0      0.5   2.7    4  2011.1858  2011.1940   2.6   1.0   2.6   35.1486047176  139.1104361685   56.7245
3043     29.9   1.7    100.1   0.6      3.7   3.1    4  2011.1858  2011.1940   1.7   0.4   3.0   35.1100156108  138.9018585474   67.1293
3044     13.0   1.2     90.8   0.8    -25.9   6.5    4  2011.1858  2011.1940   0.9   0.7   6.3   35.1118609054  140.0792674943   49.0222
3045     27.9   2.0    136.8   3.1    -29.2   4.9    4  2011.1858  2011.1940   2.0   2.4   4.9   35.2548081760  139.9543414746  381.7205
3046     26.4   1.0     88.2   1.2      0.5   0.5    4  2011.1858  2011.1940   0.8   1.1   0.4   35.0148271269  138.9979263702  332.6471
3063     58.6   1.5    270.1   2.1     -5.2   4.6    4  2011.1858  2011.1940   1.5   2.1   3.9   35.7237577409  139.2681313774  201.4917
3064     50.5   1.2    211.7   1.8      8.3   4.5    4  2011.1858  2011.1940   1.1   1.7   4.1   35.6233489125  138.9758538380  474.4532
3065     51.7   1.2    223.5   2.5      0.9   5.0    4  2011.1858  2011.1940   1.2   1.8   4.3   35.6102737240  139.1572247260  242.1377
3066     44.6   1.5    175.5   2.4      1.2   2.3    4  2011.1858  2011.1940   1.5   1.7   2.2   35.4285184614  139.2048664364  805.6639
3067     31.4   1.1    140.6   1.4    -17.0   4.6    4  2011.1858  2011.1940   0.8   1.3   4.5   35.2670938679  139.6648366673   63.2927
3068     36.2   0.0    126.7   0.0     -1.0   4.5    3  2011.1872  2011.1940   0.0   0.0   3.2   35.2455158075  139.0493381399  599.7245
3069     39.6   1.8    143.3   2.1      4.4   5.5    4  2011.1858  2011.1940   1.8   1.7   5.3   35.4435794950  138.4452465282  305.5180
3070     46.8   2.3    172.3   1.4      5.6   2.1    4  2011.1858  2011.1940   2.2   1.4   2.1   35.4965890163  138.8140363671  788.0220
3071     38.2   1.5    134.6   0.9      6.3   4.9    4  2011.1858  2011.1940   1.5   0.9   4.7   35.3620778009  138.5634341761  728.9012
3072     37.2   1.3    132.8   3.2      8.2   4.5    4  2011.1858  2011.1940   1.3   2.3   4.2   35.3055391838  138.7706742035 1495.9420
3073     35.4   1.5    123.6   0.9      2.7   3.2    4  2011.1858  2011.1940   1.5   0.8   3.2   35.2894611442  138.4456987718  189.6718
3074     27.6   1.4    107.9   1.6      1.0   0.8    4  2011.1858  2011.1940   1.4   1.2   0.7   35.2009787161  138.2535132709 1126.8984
3075     34.6   1.2    113.1   1.1      4.8   1.8    4  2011.1858  2011.1940   1.1   1.1   1.6   35.2031830772  138.6169873378  212.2153
3076     34.7   1.1    110.4   0.6      2.7   3.5    4  2011.1858  2011.1940   1.0   0.5   2.5   35.1735897971  138.7215412455  133.9683
3077     29.3   1.6     95.7   0.7      7.5   4.4    4  2011.1858  2011.1940   1.6   0.7   4.3   35.0674073038  138.5247088741   55.7277
3078     27.9   1.5     97.4   1.1      5.5   2.1    4  2011.1858  2011.1940   1.5   0.9   2.1   35.1034582664  138.3686957705  266.2205
3079     26.0   1.6     97.4   0.8     14.3   5.4    4  2011.1858  2011.1940   1.6   0.7   4.4   35.1039114914  138.1349007502  348.9765
3084     25.4   1.5     86.2   0.2      1.9   4.1    4  2011.1858  2011.1940   1.1   0.2   3.8   35.0792925553  137.6952352724  346.1831
5105     25.1   0.9     91.0   4.1      5.3   6.0    4  2011.1858  2011.1940   0.6   3.6   4.7   35.0406277625  139.1710337260   77.4750
SHAO     -0.1   0.0      0.4   0.1      0.0   0.1    4  2011.1858  2011.1940   0.0   0.1   0.1   31.0996417723  121.2004463020   22.0455
TSKB     44.6   1.7    696.9   8.1    -81.9   3.6    4  2011.1858  2011.1940   1.6   6.5   3.6   36.1056793709  140.0874962445   67.2544
